<?xml version="1.0" encoding="UTF-8"?>
<testng-results ignored="0" total="1" passed="1" failed="0" skipped="0">
  <reporter-output>
  </reporter-output>
  <suite started-at="2025-01-10T04:46:18Z" name="Suite" finished-at="2025-01-10T04:46:18Z" duration-ms="249">
    <groups>
    </groups>
    <test started-at="2025-01-10T04:46:18Z" name="Test" finished-at="2025-01-10T04:46:18Z" duration-ms="249">
      <class name="PracticeDDT.ReadDataTestNGXmlTest">
        <test-method signature="SampleTest(org.testng.xml.XmlTest)[pri:0, instance:PracticeDDT.ReadDataTestNGXmlTest@2d6c53fc]" started-at="2025-01-10T04:46:18Z" name="SampleTest" finished-at="2025-01-10T04:46:18Z" duration-ms="68" status="PASS">
          <params>
            <param index="0">
              <value>
                <![CDATA[org.testng.xml.XmlTest@90c2a68f]]>
              </value>
            </param>
          </params>
          <reporter-output>
          </reporter-output>
        </test-method> <!-- SampleTest -->
      </class> <!-- PracticeDDT.ReadDataTestNGXmlTest -->
    </test> <!-- Test -->
  </suite> <!-- Suite -->
</testng-results>
